TN:
SF:source/index.js
FNF:0
FNH:0
DA:1,1
DA:2,1
LF:2
LH:2
BRDA:2,0,0,2
BRF:1
BRH:1
end_of_record
TN:
SF:source/library/database.js
FN:9,Database
FN:22,get url
FN:27,get name
FN:31,open
FN:47,existsCollectionMigration
FN:51,createCollectionMigration
FN:55,dropCollectionMigration
FN:59,existsIndexMigrationUnique
FN:63,createIndexMigrationUnique
FN:67,dropIndexMigrationUnique
FN:71,existsIndexMigrationFind
FN:75,createIndexMigrationFind
FN:79,dropIndexMigrationFind
FN:83,isMigrationInstalled
FN:91,installMigration
FN:98,uninstallMigration
FN:104,existsCollection
FN:116,existsIndex
FN:135,close
FNF:19
FNH:19
FNDA:13,Database
FNDA:1,get url
FNDA:1,get name
FNDA:22,open
FNDA:10,existsCollectionMigration
FNDA:1,createCollectionMigration
FNDA:1,dropCollectionMigration
FNDA:5,existsIndexMigrationUnique
FNDA:1,createIndexMigrationUnique
FNDA:1,dropIndexMigrationUnique
FNDA:5,existsIndexMigrationFind
FNDA:1,createIndexMigrationFind
FNDA:1,dropIndexMigrationFind
FNDA:3,isMigrationInstalled
FNDA:1,installMigration
FNDA:1,uninstallMigration
FNDA:20,existsCollection
FNDA:10,existsIndex
FNDA:22,close
DA:1,1
DA:2,1
DA:3,1
DA:4,1
DA:5,1
DA:6,1
DA:7,1
DA:8,1
DA:9,1
DA:10,13
DA:11,13
DA:12,13
DA:13,13
DA:14,13
DA:15,13
DA:16,13
DA:17,13
DA:18,13
DA:19,13
DA:20,1
DA:21,1
DA:22,1
DA:23,1
DA:24,1
DA:25,1
DA:26,1
DA:27,1
DA:28,1
DA:29,1
DA:30,1
DA:31,1
DA:32,22
DA:33,22
DA:34,14
DA:35,14
DA:36,14
DA:37,14
DA:38,14
DA:39,14
DA:40,14
DA:41,14
DA:42,22
DA:43,22
DA:44,22
DA:45,22
DA:46,1
DA:47,1
DA:48,10
DA:49,10
DA:50,1
DA:51,1
DA:52,1
DA:53,1
DA:54,1
DA:55,1
DA:56,1
DA:57,1
DA:58,1
DA:59,1
DA:60,5
DA:61,5
DA:62,1
DA:63,1
DA:64,1
DA:65,1
DA:66,1
DA:67,1
DA:68,1
DA:69,1
DA:70,1
DA:71,1
DA:72,5
DA:73,5
DA:74,1
DA:75,1
DA:76,1
DA:77,1
DA:78,1
DA:79,1
DA:80,1
DA:81,1
DA:82,1
DA:83,1
DA:84,3
DA:85,3
DA:86,3
DA:87,3
DA:88,3
DA:89,3
DA:90,1
DA:91,1
DA:92,1
DA:93,1
DA:94,1
DA:95,1
DA:96,1
DA:97,1
DA:98,1
DA:99,1
DA:100,1
DA:101,1
DA:102,1
DA:103,1
DA:104,1
DA:105,20
DA:106,20
DA:107,20
DA:108,20
DA:109,20
DA:110,20
DA:111,20
DA:112,20
DA:113,20
DA:114,20
DA:115,1
DA:116,1
DA:117,10
DA:118,10
DA:119,4
DA:120,4
DA:121,4
DA:122,4
DA:123,4
DA:124,4
DA:125,4
DA:126,4
DA:127,4
DA:128,4
DA:129,4
DA:130,4
DA:131,4
DA:132,10
DA:133,10
DA:134,1
DA:135,1
DA:136,22
DA:137,22
DA:138,14
DA:139,14
DA:140,14
DA:141,14
DA:142,14
DA:143,14
DA:144,14
DA:145,22
DA:146,22
DA:147,22
DA:148,22
DA:149,1
DA:150,1
DA:151,1
DA:152,1
LF:152
LH:152
BRDA:152,0,0,2
BRDA:9,1,0,13
BRDA:22,2,0,1
BRDA:27,3,0,1
BRDA:31,4,0,22
BRDA:33,5,0,14
BRDA:47,6,0,10
BRDA:51,7,0,1
BRDA:55,8,0,1
BRDA:59,9,0,5
BRDA:63,10,0,1
BRDA:67,11,0,1
BRDA:71,12,0,5
BRDA:75,13,0,1
BRDA:79,14,0,1
BRDA:83,15,0,3
BRDA:87,16,0,1
BRDA:87,17,0,2
BRDA:91,18,0,1
BRDA:98,19,0,1
BRDA:104,20,0,20
BRDA:112,21,0,11
BRDA:112,22,0,9
BRDA:110,23,0,11
BRDA:116,24,0,10
BRDA:118,25,0,6
BRDA:127,26,0,4
BRDA:127,27,0,2
BRDA:118,28,0,4
BRDA:125,29,0,14
BRDA:135,30,0,22
BRDA:137,31,0,14
BRF:32
BRH:32
end_of_record
TN:
SF:source/library/migration.js
FN:11,Migration
FN:17,get database
FN:21,isInstalled
FN:34,install
FN:38,uninstall
FN:42,createMigration
FN:46,getMigration
FN:61,getMigrationFromPath
FN:76,installMigration
FN:97,uninstallMigration
FNF:10
FNH:9
FNDA:20,Migration
FNDA:1,get database
FNDA:5,isInstalled
FNDA:1,install
FNDA:1,uninstall
FNDA:0,createMigration
FNDA:5,getMigration
FNDA:15,getMigrationFromPath
FNDA:1,installMigration
FNDA:1,uninstallMigration
DA:1,1
DA:2,1
DA:3,1
DA:4,1
DA:5,1
DA:6,1
DA:7,1
DA:8,1
DA:9,1
DA:10,1
DA:11,1
DA:12,20
DA:13,20
DA:14,20
DA:15,1
DA:16,1
DA:17,1
DA:18,1
DA:19,1
DA:20,1
DA:21,1
DA:22,5
DA:23,5
DA:24,5
DA:25,5
DA:26,5
DA:27,5
DA:28,5
DA:29,5
DA:30,5
DA:31,5
DA:32,5
DA:33,1
DA:34,1
DA:35,1
DA:36,1
DA:37,1
DA:38,1
DA:39,1
DA:40,1
DA:41,1
DA:42,1
DA:43,0
DA:44,0
DA:45,1
DA:46,1
DA:47,5
DA:48,5
DA:49,5
DA:50,5
DA:51,5
DA:52,3
DA:53,3
DA:54,3
DA:55,3
DA:56,5
DA:57,5
DA:58,5
DA:59,5
DA:60,1
DA:61,1
DA:62,15
DA:63,15
DA:64,15
DA:65,15
DA:66,15
DA:67,8
DA:68,8
DA:69,8
DA:70,8
DA:71,15
DA:72,15
DA:73,15
DA:74,15
DA:75,1
DA:76,1
DA:77,1
DA:78,1
DA:79,1
DA:80,1
DA:81,1
DA:82,0
DA:83,1
DA:84,1
DA:85,1
DA:86,1
DA:87,1
DA:88,1
DA:89,1
DA:90,1
DA:91,1
DA:92,1
DA:93,1
DA:94,1
DA:95,1
DA:96,1
DA:97,1
DA:98,1
DA:99,1
DA:100,1
DA:101,1
DA:102,1
DA:103,0
DA:104,1
DA:105,1
DA:106,1
DA:107,1
DA:108,1
DA:109,1
DA:110,1
DA:111,1
DA:112,1
DA:113,1
DA:114,1
DA:115,1
DA:116,1
DA:117,1
DA:118,1
DA:119,1
DA:120,1
LF:120
LH:116
BRDA:120,0,0,2
BRDA:11,1,0,20
BRDA:21,2,0,5
BRDA:26,3,0,3
BRDA:34,4,0,1
BRDA:38,5,0,1
BRDA:46,6,0,5
BRDA:51,7,0,2
BRDA:51,8,0,3
BRDA:61,9,0,15
BRDA:66,10,0,7
BRDA:66,11,0,8
BRDA:76,12,0,1
BRDA:81,13,0,0
BRDA:97,14,0,1
BRDA:102,15,0,0
BRF:16
BRH:14
end_of_record
TN:
SF:source/library/migration/20200820234900-create-collection-migration.js
FN:5,Migration
FN:9,isInstalled
FN:21,install
FN:25,uninstall
FNF:4
FNH:4
FNDA:5,Migration
FNDA:5,isInstalled
FNDA:1,install
FNDA:1,uninstall
DA:1,1
DA:2,1
DA:3,1
DA:4,1
DA:5,1
DA:6,5
DA:7,5
DA:8,1
DA:9,1
DA:10,5
DA:11,5
DA:12,5
DA:13,5
DA:14,5
DA:15,5
DA:16,5
DA:17,5
DA:18,5
DA:19,5
DA:20,1
DA:21,1
DA:22,1
DA:23,1
DA:24,1
DA:25,1
DA:26,1
DA:27,1
DA:28,1
DA:29,1
DA:30,1
DA:31,1
LF:31
LH:31
BRDA:31,0,0,1
BRDA:5,1,0,5
BRDA:9,2,0,5
BRDA:21,3,0,1
BRDA:25,4,0,1
BRF:5
BRH:5
end_of_record
TN:
SF:source/library/migration/20200820234901-create-index-migration-unique.js
FN:5,Migration
FN:9,isInstalled
FN:21,install
FN:25,uninstall
FNF:4
FNH:4
FNDA:5,Migration
FNDA:5,isInstalled
FNDA:1,install
FNDA:1,uninstall
DA:1,1
DA:2,1
DA:3,1
DA:4,1
DA:5,1
DA:6,5
DA:7,5
DA:8,1
DA:9,1
DA:10,5
DA:11,5
DA:12,5
DA:13,5
DA:14,5
DA:15,5
DA:16,5
DA:17,5
DA:18,5
DA:19,5
DA:20,1
DA:21,1
DA:22,1
DA:23,1
DA:24,1
DA:25,1
DA:26,1
DA:27,1
DA:28,1
DA:29,1
DA:30,1
DA:31,1
LF:31
LH:31
BRDA:31,0,0,1
BRDA:5,1,0,5
BRDA:9,2,0,5
BRDA:21,3,0,1
BRDA:25,4,0,1
BRF:5
BRH:5
end_of_record
TN:
SF:source/library/migration/20200820234902-create-index-migration-find.js
FN:5,Migration
FN:9,isInstalled
FN:21,install
FN:25,uninstall
FNF:4
FNH:4
FNDA:5,Migration
FNDA:5,isInstalled
FNDA:1,install
FNDA:1,uninstall
DA:1,1
DA:2,1
DA:3,1
DA:4,1
DA:5,1
DA:6,5
DA:7,5
DA:8,1
DA:9,1
DA:10,5
DA:11,5
DA:12,5
DA:13,5
DA:14,5
DA:15,5
DA:16,5
DA:17,5
DA:18,5
DA:19,5
DA:20,1
DA:21,1
DA:22,1
DA:23,1
DA:24,1
DA:25,1
DA:26,1
DA:27,1
DA:28,1
DA:29,1
DA:30,1
DA:31,1
LF:31
LH:31
BRDA:31,0,0,1
BRDA:5,1,0,5
BRDA:9,2,0,5
BRDA:21,3,0,1
BRDA:25,4,0,1
BRF:5
BRH:5
end_of_record
