TN:
SF:source/index.js
FNF:0
FNH:0
DA:1,1
DA:2,1
LF:2
LH:2
BRDA:2,0,0,2
BRF:1
BRH:1
end_of_record
TN:
SF:source/library/database.js
FN:9,Database
FN:22,get url
FN:27,get name
FN:31,open
FN:47,existsCollectionMigration
FN:51,createCollectionMigration
FN:55,dropCollectionMigration
FN:59,existsIndexMigration
FN:63,createIndexMigration
FN:67,dropIndexMigration
FN:71,explainIndexMigration
FN:87,isMigrationInstalled
FN:95,installMigration
FN:103,uninstallMigration
FN:109,existsCollection
FN:121,existsIndex
FN:140,close
FNF:17
FNH:17
FNDA:22,Database
FNDA:1,get url
FNDA:1,get name
FNDA:34,open
FNDA:18,existsCollectionMigration
FNDA:3,createCollectionMigration
FNDA:3,dropCollectionMigration
FNDA:9,existsIndexMigration
FNDA:3,createIndexMigration
FNDA:3,dropIndexMigration
FNDA:1,explainIndexMigration
FNDA:7,isMigrationInstalled
FNDA:3,installMigration
FNDA:3,uninstallMigration
FNDA:27,existsCollection
FNDA:9,existsIndex
FNDA:34,close
DA:1,1
DA:2,1
DA:3,1
DA:4,1
DA:5,1
DA:6,1
DA:7,1
DA:8,1
DA:9,1
DA:10,22
DA:11,22
DA:12,22
DA:13,22
DA:14,22
DA:15,22
DA:16,22
DA:17,22
DA:18,22
DA:19,22
DA:20,1
DA:21,1
DA:22,1
DA:23,1
DA:24,1
DA:25,1
DA:26,1
DA:27,1
DA:28,1
DA:29,1
DA:30,1
DA:31,1
DA:32,34
DA:33,34
DA:34,16
DA:35,16
DA:36,16
DA:37,16
DA:38,16
DA:39,16
DA:40,16
DA:41,16
DA:42,34
DA:43,34
DA:44,34
DA:45,34
DA:46,1
DA:47,1
DA:48,18
DA:49,18
DA:50,1
DA:51,1
DA:52,3
DA:53,3
DA:54,1
DA:55,1
DA:56,3
DA:57,3
DA:58,1
DA:59,1
DA:60,9
DA:61,9
DA:62,1
DA:63,1
DA:64,3
DA:65,3
DA:66,1
DA:67,1
DA:68,3
DA:69,3
DA:70,1
DA:71,1
DA:72,1
DA:73,1
DA:74,1
DA:75,1
DA:76,1
DA:77,1
DA:78,1
DA:79,1
DA:80,1
DA:81,1
DA:82,1
DA:83,1
DA:84,1
DA:85,1
DA:86,1
DA:87,1
DA:88,7
DA:89,7
DA:90,7
DA:91,7
DA:92,7
DA:93,7
DA:94,1
DA:95,1
DA:96,3
DA:97,3
DA:98,3
DA:99,3
DA:100,3
DA:101,3
DA:102,1
DA:103,1
DA:104,3
DA:105,3
DA:106,3
DA:107,3
DA:108,1
DA:109,1
DA:110,27
DA:111,27
DA:112,27
DA:113,27
DA:114,27
DA:115,27
DA:116,27
DA:117,27
DA:118,27
DA:119,27
DA:120,1
DA:121,1
DA:122,9
DA:123,9
DA:124,2
DA:125,2
DA:126,2
DA:127,2
DA:128,2
DA:129,2
DA:130,2
DA:131,2
DA:132,2
DA:133,2
DA:134,2
DA:135,2
DA:136,2
DA:137,9
DA:138,9
DA:139,1
DA:140,1
DA:141,34
DA:142,34
DA:143,16
DA:144,16
DA:145,16
DA:146,16
DA:147,16
DA:148,16
DA:149,16
DA:150,34
DA:151,34
DA:152,34
DA:153,34
DA:154,1
DA:155,1
DA:156,1
DA:157,1
LF:157
LH:157
BRDA:157,0,0,2
BRDA:9,1,0,22
BRDA:22,2,0,1
BRDA:27,3,0,1
BRDA:31,4,0,34
BRDA:33,5,0,16
BRDA:47,6,0,18
BRDA:51,7,0,3
BRDA:55,8,0,3
BRDA:59,9,0,9
BRDA:63,10,0,3
BRDA:67,11,0,3
BRDA:71,12,0,1
BRDA:87,13,0,7
BRDA:91,14,0,4
BRDA:91,15,0,4
BRDA:95,16,0,3
BRDA:103,17,0,3
BRDA:109,18,0,27
BRDA:117,19,0,18
BRDA:117,20,0,9
BRDA:115,21,0,18
BRDA:121,22,0,9
BRDA:123,23,0,7
BRDA:132,24,0,4
BRDA:132,25,0,3
BRDA:123,26,0,2
BRDA:130,27,0,11
BRDA:140,28,0,34
BRDA:142,29,0,16
BRF:30
BRH:30
end_of_record
TN:
SF:source/library/migration.js
FN:11,Migration
FN:17,get database
FN:21,isInstalled
FN:34,install
FN:38,uninstall
FN:42,createMigration
FN:46,getMigration
FN:61,getMigrationFromPath
FN:76,installMigration
FN:97,uninstallMigration
FNF:10
FNH:9
FNDA:27,Migration
FNDA:1,get database
FNDA:9,isInstalled
FNDA:3,install
FNDA:3,uninstall
FNDA:0,createMigration
FNDA:9,getMigration
FNDA:27,getMigrationFromPath
FNDA:3,installMigration
FNDA:3,uninstallMigration
DA:1,1
DA:2,1
DA:3,1
DA:4,1
DA:5,1
DA:6,1
DA:7,1
DA:8,1
DA:9,1
DA:10,1
DA:11,1
DA:12,27
DA:13,27
DA:14,27
DA:15,1
DA:16,1
DA:17,1
DA:18,1
DA:19,1
DA:20,1
DA:21,1
DA:22,9
DA:23,9
DA:24,9
DA:25,9
DA:26,9
DA:27,9
DA:28,9
DA:29,9
DA:30,9
DA:31,9
DA:32,9
DA:33,1
DA:34,1
DA:35,3
DA:36,3
DA:37,1
DA:38,1
DA:39,3
DA:40,3
DA:41,1
DA:42,1
DA:43,0
DA:44,0
DA:45,1
DA:46,1
DA:47,9
DA:48,9
DA:49,9
DA:50,9
DA:51,9
DA:52,3
DA:53,3
DA:54,3
DA:55,3
DA:56,9
DA:57,9
DA:58,9
DA:59,9
DA:60,1
DA:61,1
DA:62,27
DA:63,27
DA:64,27
DA:65,27
DA:66,27
DA:67,12
DA:68,12
DA:69,12
DA:70,12
DA:71,27
DA:72,27
DA:73,27
DA:74,27
DA:75,1
DA:76,1
DA:77,3
DA:78,3
DA:79,3
DA:80,3
DA:81,3
DA:82,0
DA:83,3
DA:84,3
DA:85,3
DA:86,3
DA:87,3
DA:88,3
DA:89,3
DA:90,3
DA:91,3
DA:92,3
DA:93,3
DA:94,3
DA:95,3
DA:96,1
DA:97,1
DA:98,3
DA:99,3
DA:100,3
DA:101,3
DA:102,3
DA:103,0
DA:104,3
DA:105,3
DA:106,3
DA:107,3
DA:108,3
DA:109,3
DA:110,3
DA:111,3
DA:112,3
DA:113,3
DA:114,3
DA:115,3
DA:116,3
DA:117,1
DA:118,1
DA:119,1
DA:120,1
LF:120
LH:116
BRDA:120,0,0,2
BRDA:11,1,0,27
BRDA:21,2,0,9
BRDA:26,3,0,7
BRDA:34,4,0,3
BRDA:38,5,0,3
BRDA:46,6,0,9
BRDA:51,7,0,6
BRDA:51,8,0,3
BRDA:61,9,0,27
BRDA:66,10,0,15
BRDA:66,11,0,12
BRDA:76,12,0,3
BRDA:81,13,0,0
BRDA:97,14,0,3
BRDA:102,15,0,0
BRF:16
BRH:14
end_of_record
TN:
SF:source/library/migration/20200820234900-create-collection-migration.js
FN:5,Migration
FN:9,isInstalled
FN:21,install
FN:25,uninstall
FNF:4
FNH:4
FNDA:9,Migration
FNDA:9,isInstalled
FNDA:3,install
FNDA:3,uninstall
DA:1,1
DA:2,1
DA:3,1
DA:4,1
DA:5,1
DA:6,9
DA:7,9
DA:8,1
DA:9,1
DA:10,9
DA:11,9
DA:12,9
DA:13,9
DA:14,9
DA:15,9
DA:16,9
DA:17,9
DA:18,9
DA:19,9
DA:20,1
DA:21,1
DA:22,3
DA:23,3
DA:24,1
DA:25,1
DA:26,3
DA:27,3
DA:28,1
DA:29,1
DA:30,1
DA:31,1
LF:31
LH:31
BRDA:31,0,0,1
BRDA:5,1,0,9
BRDA:9,2,0,9
BRDA:21,3,0,3
BRDA:25,4,0,3
BRF:5
BRH:5
end_of_record
TN:
SF:source/library/migration/20200820234901-create-index-migration.js
FN:5,Migration
FN:9,isInstalled
FN:21,install
FN:25,uninstall
FNF:4
FNH:4
FNDA:9,Migration
FNDA:9,isInstalled
FNDA:3,install
FNDA:3,uninstall
DA:1,1
DA:2,1
DA:3,1
DA:4,1
DA:5,1
DA:6,9
DA:7,9
DA:8,1
DA:9,1
DA:10,9
DA:11,9
DA:12,9
DA:13,9
DA:14,9
DA:15,9
DA:16,9
DA:17,9
DA:18,9
DA:19,9
DA:20,1
DA:21,1
DA:22,3
DA:23,3
DA:24,1
DA:25,1
DA:26,3
DA:27,3
DA:28,1
DA:29,1
DA:30,1
DA:31,1
LF:31
LH:31
BRDA:31,0,0,1
BRDA:5,1,0,9
BRDA:9,2,0,9
BRDA:21,3,0,3
BRDA:25,4,0,3
BRF:5
BRH:5
end_of_record
